
> my-v0-project@0.1.0 dev
> node server.js

> Ready on https://localhost:3001
 ✓ Compiled /page in 2.6s (1407 modules)

 ⚠ metadata.metadataBase is not set for resolving social open graph or twitter images, using "http://localhost:3000". See https://nextjs.org/docs/app/api-reference/functions/generate-metadata#metadatabase
 ✓ Compiled in 344ms (612 modules)
 ✓ Compiled /signin/page in 634ms (1394 modules)

 ⚠ metadata.metadataBase is not set for resolving social open graph or twitter images, using "http://localhost:3000". See https://nextjs.org/docs/app/api-reference/functions/generate-metadata#metadatabase
 ⚠ ./app/dialogs/InviteDialog.tsx
Attempted import error: 'exportToIntegrations' is not exported from '@/lib/notion-export' (imported as 'exportToIntegrations').

Import trace for requested module:
./app/dialogs/InviteDialog.tsx
./app/dashboard/layout-client.tsx

./app/dialogs/InviteDialog.tsx
Attempted import error: 'exportToIntegrations' is not exported from '@/lib/notion-export' (imported as 'exportToIntegrations').

Import trace for requested module:
./app/dialogs/InviteDialog.tsx
./app/dashboard/layout-client.tsx

 ⚠ metadata.metadataBase is not set for resolving social open graph or twitter images, using "http://localhost:3000". See https://nextjs.org/docs/app/api-reference/functions/generate-metadata#metadatabase
 ⚠ ./app/dialogs/InviteDialog.tsx
Attempted import error: 'exportToIntegrations' is not exported from '@/lib/notion-export' (imported as 'exportToIntegrations').

Import trace for requested module:
./app/dialogs/InviteDialog.tsx
./app/dashboard/layout-client.tsx

./app/dialogs/InviteDialog.tsx
Attempted import error: 'exportToIntegrations' is not exported from '@/lib/notion-export' (imported as 'exportToIntegrations').

Import trace for requested module:
./app/dialogs/InviteDialog.tsx
./app/dashboard/layout-client.tsx
 ○ Compiling /api/calendar/events/route ...
 ⚠ ./app/dialogs/InviteDialog.tsx
Attempted import error: 'exportToIntegrations' is not exported from '@/lib/notion-export' (imported as 'exportToIntegrations').

Import trace for requested module:
./app/dialogs/InviteDialog.tsx
./app/dashboard/layout-client.tsx

./app/dialogs/InviteDialog.tsx
Attempted import error: 'exportToIntegrations' is not exported from '@/lib/notion-export' (imported as 'exportToIntegrations').

Import trace for requested module:
./app/dialogs/InviteDialog.tsx
./app/dashboard/layout-client.tsx

./node_modules/https-proxy-agent/node_modules/debug/src/node.js
Module not found: ESM packages (supports-color) need to be imported. Use 'import' to reference the package instead. https://nextjs.org/docs/messages/import-esm-externals

Import trace for requested module:
./node_modules/https-proxy-agent/node_modules/debug/src/node.js
./node_modules/https-proxy-agent/node_modules/debug/src/index.js
./node_modules/https-proxy-agent/dist/index.js
./node_modules/gaxios/build/src/gaxios.js
./node_modules/gaxios/build/src/index.js
./node_modules/googleapis-common/build/src/index.js
./node_modules/googleapis/build/src/index.js
./app/api/calendar/events/route.ts
 ⚠ ./app/dialogs/InviteDialog.tsx
Attempted import error: 'exportToIntegrations' is not exported from '@/lib/notion-export' (imported as 'exportToIntegrations').

Import trace for requested module:
./app/dialogs/InviteDialog.tsx
./app/dashboard/layout-client.tsx

./app/dialogs/InviteDialog.tsx
Attempted import error: 'exportToIntegrations' is not exported from '@/lib/notion-export' (imported as 'exportToIntegrations').

Import trace for requested module:
./app/dialogs/InviteDialog.tsx
./app/dashboard/layout-client.tsx

./node_modules/https-proxy-agent/node_modules/debug/src/node.js
Module not found: ESM packages (supports-color) need to be imported. Use 'import' to reference the package instead. https://nextjs.org/docs/messages/import-esm-externals

Import trace for requested module:
./node_modules/https-proxy-agent/node_modules/debug/src/node.js
./node_modules/https-proxy-agent/node_modules/debug/src/index.js
./node_modules/https-proxy-agent/dist/index.js
./node_modules/gaxios/build/src/gaxios.js
./node_modules/gaxios/build/src/index.js
./node_modules/googleapis-common/build/src/index.js
./node_modules/googleapis/build/src/index.js
./app/api/calendar/events/route.ts

 ⚠ metadata.metadataBase is not set for resolving social open graph or twitter images, using "http://localhost:3000". See https://nextjs.org/docs/app/api-reference/functions/generate-metadata#metadatabase
 ⚠ ./app/dialogs/InviteDialog.tsx
Attempted import error: 'exportToIntegrations' is not exported from '@/lib/notion-export' (imported as 'exportToIntegrations').

Import trace for requested module:
./app/dialogs/InviteDialog.tsx
./app/dashboard/layout-client.tsx

./app/dialogs/InviteDialog.tsx
Attempted import error: 'exportToIntegrations' is not exported from '@/lib/notion-export' (imported as 'exportToIntegrations').

Import trace for requested module:
./app/dialogs/InviteDialog.tsx
./app/dashboard/layout-client.tsx

./node_modules/https-proxy-agent/node_modules/debug/src/node.js
Module not found: ESM packages (supports-color) need to be imported. Use 'import' to reference the package instead. https://nextjs.org/docs/messages/import-esm-externals

Import trace for requested module:
./node_modules/https-proxy-agent/node_modules/debug/src/node.js
./node_modules/https-proxy-agent/node_modules/debug/src/index.js
./node_modules/https-proxy-agent/dist/index.js
./node_modules/gaxios/build/src/gaxios.js
./node_modules/gaxios/build/src/index.js
./node_modules/googleapis-common/build/src/index.js
./node_modules/googleapis/build/src/index.js
./app/api/calendar/events/route.ts
 ⚠ ./app/dialogs/InviteDialog.tsx
Attempted import error: 'exportToIntegrations' is not exported from '@/lib/notion-export' (imported as 'exportToIntegrations').

Import trace for requested module:
./app/dialogs/InviteDialog.tsx
./app/dashboard/layout-client.tsx

./app/dialogs/InviteDialog.tsx
Attempted import error: 'exportToIntegrations' is not exported from '@/lib/notion-export' (imported as 'exportToIntegrations').

Import trace for requested module:
./app/dialogs/InviteDialog.tsx
./app/dashboard/layout-client.tsx

./node_modules/https-proxy-agent/node_modules/debug/src/node.js
Module not found: ESM packages (supports-color) need to be imported. Use 'import' to reference the package instead. https://nextjs.org/docs/messages/import-esm-externals

Import trace for requested module:
./node_modules/https-proxy-agent/node_modules/debug/src/node.js
./node_modules/https-proxy-agent/node_modules/debug/src/index.js
./node_modules/https-proxy-agent/dist/index.js
./node_modules/gaxios/build/src/gaxios.js
./node_modules/gaxios/build/src/index.js
./node_modules/google-auth-library/build/src/index.js
./node_modules/googleapis/build/src/index.js
./app/api/calendar/events/route.ts
 ⚠ ./app/dialogs/InviteDialog.tsx
Attempted import error: 'exportToIntegrations' is not exported from '@/lib/notion-export' (imported as 'exportToIntegrations').

Import trace for requested module:
./app/dialogs/InviteDialog.tsx
./app/dashboard/layout-client.tsx

./app/dialogs/InviteDialog.tsx
Attempted import error: 'exportToIntegrations' is not exported from '@/lib/notion-export' (imported as 'exportToIntegrations').

Import trace for requested module:
./app/dialogs/InviteDialog.tsx
./app/dashboard/layout-client.tsx

./node_modules/https-proxy-agent/node_modules/debug/src/node.js
Module not found: ESM packages (supports-color) need to be imported. Use 'import' to reference the package instead. https://nextjs.org/docs/messages/import-esm-externals

Import trace for requested module:
./node_modules/https-proxy-agent/node_modules/debug/src/node.js
./node_modules/https-proxy-agent/node_modules/debug/src/index.js
./node_modules/https-proxy-agent/dist/index.js
./node_modules/gaxios/build/src/gaxios.js
./node_modules/gaxios/build/src/index.js
./node_modules/google-auth-library/build/src/index.js
./node_modules/googleapis/build/src/index.js
./app/api/calendar/events/route.ts
 ⚠ ./app/dialogs/InviteDialog.tsx
Attempted import error: 'exportToIntegrations' is not exported from '@/lib/notion-export' (imported as 'exportToIntegrations').

Import trace for requested module:
./app/dialogs/InviteDialog.tsx
./app/dashboard/layout-client.tsx

./app/dialogs/InviteDialog.tsx
Attempted import error: 'exportToIntegrations' is not exported from '@/lib/notion-export' (imported as 'exportToIntegrations').

Import trace for requested module:
./app/dialogs/InviteDialog.tsx
./app/dashboard/layout-client.tsx

./node_modules/https-proxy-agent/node_modules/debug/src/node.js
Module not found: ESM packages (supports-color) need to be imported. Use 'import' to reference the package instead. https://nextjs.org/docs/messages/import-esm-externals

Import trace for requested module:
./node_modules/https-proxy-agent/node_modules/debug/src/node.js
./node_modules/https-proxy-agent/node_modules/debug/src/index.js
./node_modules/https-proxy-agent/dist/index.js
./node_modules/gaxios/build/src/gaxios.js
./node_modules/gaxios/build/src/index.js
./node_modules/google-auth-library/build/src/index.js
./node_modules/googleapis/build/src/index.js
./app/api/calendar/events/route.ts
Notion status debug endpoint called for user: adimahna@gmail.com
Notion status debug endpoint called for user: adimahna@gmail.com
 ⚠ ./app/dialogs/InviteDialog.tsx
Attempted import error: 'exportToIntegrations' is not exported from '@/lib/notion-export' (imported as 'exportToIntegrations').

Import trace for requested module:
./app/dialogs/InviteDialog.tsx
./app/dashboard/layout-client.tsx

./app/dialogs/InviteDialog.tsx
Attempted import error: 'exportToIntegrations' is not exported from '@/lib/notion-export' (imported as 'exportToIntegrations').

Import trace for requested module:
./app/dialogs/InviteDialog.tsx
./app/dashboard/layout-client.tsx

./node_modules/https-proxy-agent/node_modules/debug/src/node.js
Module not found: ESM packages (supports-color) need to be imported. Use 'import' to reference the package instead. https://nextjs.org/docs/messages/import-esm-externals

Import trace for requested module:
./node_modules/https-proxy-agent/node_modules/debug/src/node.js
./node_modules/https-proxy-agent/node_modules/debug/src/index.js
./node_modules/https-proxy-agent/dist/index.js
./node_modules/gaxios/build/src/gaxios.js
./node_modules/gaxios/build/src/index.js
./node_modules/google-auth-library/build/src/index.js
./node_modules/googleapis/build/src/index.js
./app/api/calendar/events/route.ts
 ⚠ ./app/dialogs/InviteDialog.tsx
Attempted import error: 'exportToIntegrations' is not exported from '@/lib/notion-export' (imported as 'exportToIntegrations').

Import trace for requested module:
./app/dialogs/InviteDialog.tsx
./app/dashboard/layout-client.tsx

./app/dialogs/InviteDialog.tsx
Attempted import error: 'exportToIntegrations' is not exported from '@/lib/notion-export' (imported as 'exportToIntegrations').

Import trace for requested module:
./app/dialogs/InviteDialog.tsx
./app/dashboard/layout-client.tsx

./node_modules/https-proxy-agent/node_modules/debug/src/node.js
Module not found: ESM packages (supports-color) need to be imported. Use 'import' to reference the package instead. https://nextjs.org/docs/messages/import-esm-externals

Import trace for requested module:
./node_modules/https-proxy-agent/node_modules/debug/src/node.js
./node_modules/https-proxy-agent/node_modules/debug/src/index.js
./node_modules/https-proxy-agent/dist/index.js
./node_modules/gaxios/build/src/gaxios.js
./node_modules/gaxios/build/src/index.js
./node_modules/googleapis-common/build/src/index.js
./node_modules/googleapis/build/src/index.js
./app/api/calendar/events/route.ts
Test user debug endpoint called for email: adimahna@gmail.com
Test user debug endpoint called for email: adimahna@gmail.com
 ⚠ ./app/dialogs/InviteDialog.tsx
Attempted import error: 'exportToIntegrations' is not exported from '@/lib/notion-export' (imported as 'exportToIntegrations').

Import trace for requested module:
./app/dialogs/InviteDialog.tsx
./app/dashboard/layout-client.tsx

./app/dialogs/InviteDialog.tsx
Attempted import error: 'exportToIntegrations' is not exported from '@/lib/notion-export' (imported as 'exportToIntegrations').

Import trace for requested module:
./app/dialogs/InviteDialog.tsx
./app/dashboard/layout-client.tsx

./node_modules/https-proxy-agent/node_modules/debug/src/node.js
Module not found: ESM packages (supports-color) need to be imported. Use 'import' to reference the package instead. https://nextjs.org/docs/messages/import-esm-externals

Import trace for requested module:
./node_modules/https-proxy-agent/node_modules/debug/src/node.js
./node_modules/https-proxy-agent/node_modules/debug/src/index.js
./node_modules/https-proxy-agent/dist/index.js
./node_modules/gaxios/build/src/gaxios.js
./node_modules/gaxios/build/src/index.js
./node_modules/googleapis-common/build/src/index.js
./node_modules/googleapis/build/src/index.js
./app/api/calendar/events/route.ts
 ⚠ ./app/dialogs/InviteDialog.tsx
Attempted import error: 'exportToIntegrations' is not exported from '@/lib/notion-export' (imported as 'exportToIntegrations').

Import trace for requested module:
./app/dialogs/InviteDialog.tsx
./app/dashboard/layout-client.tsx

./app/dialogs/InviteDialog.tsx
Attempted import error: 'exportToIntegrations' is not exported from '@/lib/notion-export' (imported as 'exportToIntegrations').

Import trace for requested module:
./app/dialogs/InviteDialog.tsx
./app/dashboard/layout-client.tsx

./node_modules/https-proxy-agent/node_modules/debug/src/node.js
Module not found: ESM packages (supports-color) need to be imported. Use 'import' to reference the package instead. https://nextjs.org/docs/messages/import-esm-externals

Import trace for requested module:
./node_modules/https-proxy-agent/node_modules/debug/src/node.js
./node_modules/https-proxy-agent/node_modules/debug/src/index.js
./node_modules/https-proxy-agent/dist/index.js
./node_modules/gaxios/build/src/gaxios.js
./node_modules/gaxios/build/src/index.js
./node_modules/googleapis-common/build/src/index.js
./node_modules/googleapis/build/src/index.js
./app/api/calendar/events/route.ts
@notionhq/client warn: request fail { code: 'unauthorized', message: 'API token is invalid.' }
Error fetching Notion pages: APIResponseError: API token is invalid.
    at buildRequestError (webpack-internal:///(rsc)/./node_modules/@notionhq/client/build/src/errors.js:153:16)
    at Client.request (webpack-internal:///(rsc)/./node_modules/@notionhq/client/build/src/Client.js:386:54)
    at process.processTicksAndRejections (node:internal/process/task_queues:105:5)
    at async Promise.all (index 0)
    at async GET (webpack-internal:///(rsc)/./app/api/notion/pages/route.ts:40:45)
    at async /Users/adityamahna/Downloads/Ayush-sCode-main/node_modules/next/dist/compiled/next-server/app-route.runtime.dev.js:6:62499 {
  code: 'unauthorized',
  status: 401,
  headers: Headers {
    [Symbol(map)]: [Object: null prototype] {
      date: [Array],
      'content-type': [Array],
      'content-length': [Array],
      connection: [Array],
      'cf-ray': [Array],
      'cf-cache-status': [Array],
      etag: [Array],
      'strict-transport-security': [Array],
      vary: [Array],
      'x-notion-request-id': [Array],
      'content-security-policy': [Array],
      'x-dns-prefetch-control': [Array],
      'x-frame-options': [Array],
      'x-download-options': [Array],
      'x-content-type-options': [Array],
      'x-permitted-cross-domain-policies': [Array],
      'referrer-policy': [Array],
      'x-xss-protection': [Array],
      'set-cookie': [Array],
      server: [Array],
      'alt-svc': [Array]
    }
  },
  body: '{"object":"error","status":401,"code":"unauthorized","message":"API token is invalid.","request_id":"0a1dffdd-99c9-4eb7-a50b-bdeb40dd8d0a"}'
}
@notionhq/client warn: request fail { code: 'unauthorized', message: 'API token is invalid.' }
@notionhq/client warn: request fail { code: 'unauthorized', message: 'API token is invalid.' }
Error fetching Notion pages: APIResponseError: API token is invalid.
    at buildRequestError (webpack-internal:///(rsc)/./node_modules/@notionhq/client/build/src/errors.js:153:16)
    at Client.request (webpack-internal:///(rsc)/./node_modules/@notionhq/client/build/src/Client.js:386:54)
    at process.processTicksAndRejections (node:internal/process/task_queues:105:5)
    at async Promise.all (index 0)
    at async GET (webpack-internal:///(rsc)/./app/api/notion/pages/route.ts:40:45)
    at async /Users/adityamahna/Downloads/Ayush-sCode-main/node_modules/next/dist/compiled/next-server/app-route.runtime.dev.js:6:62499 {
  code: 'unauthorized',
  status: 401,
  headers: Headers {
    [Symbol(map)]: [Object: null prototype] {
      date: [Array],
      'content-type': [Array],
      'content-length': [Array],
      connection: [Array],
      'cf-ray': [Array],
      'cf-cache-status': [Array],
      etag: [Array],
      'strict-transport-security': [Array],
      vary: [Array],
      'x-notion-request-id': [Array],
      'content-security-policy': [Array],
      'x-dns-prefetch-control': [Array],
      'x-frame-options': [Array],
      'x-download-options': [Array],
      'x-content-type-options': [Array],
      'x-permitted-cross-domain-policies': [Array],
      'referrer-policy': [Array],
      'x-xss-protection': [Array],
      'set-cookie': [Array],
      server: [Array],
      'alt-svc': [Array]
    }
  },
  body: '{"object":"error","status":401,"code":"unauthorized","message":"API token is invalid.","request_id":"9356e78d-9470-4467-8416-b05abf49f240"}'
}
@notionhq/client warn: request fail { code: 'unauthorized', message: 'API token is invalid.' }
 ⚠ ./app/dialogs/InviteDialog.tsx
Attempted import error: 'exportToIntegrations' is not exported from '@/lib/notion-export' (imported as 'exportToIntegrations').

Import trace for requested module:
./app/dialogs/InviteDialog.tsx
./app/dashboard/layout-client.tsx

./app/dialogs/InviteDialog.tsx
Attempted import error: 'exportToIntegrations' is not exported from '@/lib/notion-export' (imported as 'exportToIntegrations').

Import trace for requested module:
./app/dialogs/InviteDialog.tsx
./app/dashboard/layout-client.tsx

./node_modules/https-proxy-agent/node_modules/debug/src/node.js
Module not found: ESM packages (supports-color) need to be imported. Use 'import' to reference the package instead. https://nextjs.org/docs/messages/import-esm-externals

Import trace for requested module:
./node_modules/https-proxy-agent/node_modules/debug/src/node.js
./node_modules/https-proxy-agent/node_modules/debug/src/index.js
./node_modules/https-proxy-agent/dist/index.js
./node_modules/gaxios/build/src/gaxios.js
./node_modules/gaxios/build/src/index.js
./node_modules/googleapis-common/build/src/index.js
./node_modules/googleapis/build/src/index.js
./app/api/calendar/events/route.ts
 ⚠ ./app/dialogs/InviteDialog.tsx
Attempted import error: 'exportToIntegrations' is not exported from '@/lib/notion-export' (imported as 'exportToIntegrations').

Import trace for requested module:
./app/dialogs/InviteDialog.tsx
./app/dashboard/layout-client.tsx

./app/dialogs/InviteDialog.tsx
Attempted import error: 'exportToIntegrations' is not exported from '@/lib/notion-export' (imported as 'exportToIntegrations').

Import trace for requested module:
./app/dialogs/InviteDialog.tsx
./app/dashboard/layout-client.tsx

./node_modules/https-proxy-agent/node_modules/debug/src/node.js
Module not found: ESM packages (supports-color) need to be imported. Use 'import' to reference the package instead. https://nextjs.org/docs/messages/import-esm-externals

Import trace for requested module:
./node_modules/https-proxy-agent/node_modules/debug/src/node.js
./node_modules/https-proxy-agent/node_modules/debug/src/index.js
./node_modules/https-proxy-agent/dist/index.js
./node_modules/gaxios/build/src/gaxios.js
./node_modules/gaxios/build/src/index.js
./node_modules/google-auth-library/build/src/index.js
./node_modules/googleapis/build/src/index.js
./app/api/calendar/events/route.ts
Notion auth endpoint called
Using base URL: https://localhost:3001
User email from auth header: adimahna@gmail.com
Using redirect URI: https://localhost:3001/api/notion/callback
Generated Notion OAuth URL (hiding client_id): https://api.notion.com/v1/oauth/authorize?client_id=********&redirect_uri=https%3A%2F%2Flocalhost%3A3001%2Fapi%2Fnotion%2Fcallback&response_type=code&owner=user&state=adimahna%40gmail.com
 ⚠ ./app/dialogs/InviteDialog.tsx
Attempted import error: 'exportToIntegrations' is not exported from '@/lib/notion-export' (imported as 'exportToIntegrations').

Import trace for requested module:
./app/dialogs/InviteDialog.tsx
./app/dashboard/layout-client.tsx

./app/dialogs/InviteDialog.tsx
Attempted import error: 'exportToIntegrations' is not exported from '@/lib/notion-export' (imported as 'exportToIntegrations').

Import trace for requested module:
./app/dialogs/InviteDialog.tsx
./app/dashboard/layout-client.tsx

./node_modules/https-proxy-agent/node_modules/debug/src/node.js
Module not found: ESM packages (supports-color) need to be imported. Use 'import' to reference the package instead. https://nextjs.org/docs/messages/import-esm-externals

Import trace for requested module:
./node_modules/https-proxy-agent/node_modules/debug/src/node.js
./node_modules/https-proxy-agent/node_modules/debug/src/index.js
./node_modules/https-proxy-agent/dist/index.js
./node_modules/gaxios/build/src/gaxios.js
./node_modules/gaxios/build/src/index.js
./node_modules/google-auth-library/build/src/index.js
./node_modules/googleapis/build/src/index.js
./app/api/calendar/events/route.ts
 ⚠ ./app/dialogs/InviteDialog.tsx
Attempted import error: 'exportToIntegrations' is not exported from '@/lib/notion-export' (imported as 'exportToIntegrations').

Import trace for requested module:
./app/dialogs/InviteDialog.tsx
./app/dashboard/layout-client.tsx

./app/dialogs/InviteDialog.tsx
Attempted import error: 'exportToIntegrations' is not exported from '@/lib/notion-export' (imported as 'exportToIntegrations').

Import trace for requested module:
./app/dialogs/InviteDialog.tsx
./app/dashboard/layout-client.tsx

./node_modules/https-proxy-agent/node_modules/debug/src/node.js
Module not found: ESM packages (supports-color) need to be imported. Use 'import' to reference the package instead. https://nextjs.org/docs/messages/import-esm-externals

Import trace for requested module:
./node_modules/https-proxy-agent/node_modules/debug/src/node.js
./node_modules/https-proxy-agent/node_modules/debug/src/index.js
./node_modules/https-proxy-agent/dist/index.js
./node_modules/gaxios/build/src/gaxios.js
./node_modules/gaxios/build/src/index.js
./node_modules/googleapis-common/build/src/index.js
./node_modules/googleapis/build/src/index.js
./app/api/calendar/events/route.ts
Notion callback received with params: code=0316ff41-bb25-4bb5-a3a9-9779da07f9ed&state=adimahna%40gmail.com
Using base URL: https://localhost:3001
Notion callback processing for user: adimahna@gmail.com
Exchanging code for access token...
Using redirect URI: https://localhost:3001/api/notion/callback
Successfully obtained access token
Getting workspace info...
Workspace info obtained: { name: 'Descript' }
Checking if user document exists in Firestore
Sanitized Notion integration data structure: [
  'accessToken',
  'workspaceId',
  'workspaceName',
  'workspaceIcon',
  'botId',
  'owner',
  'duplicatedTemplateId',
  'updatedAt'
]
User document exists, updating with new Notion integration data
Successfully saved Notion integration data to Firestore
 ⚠ ./app/dialogs/InviteDialog.tsx
Attempted import error: 'exportToIntegrations' is not exported from '@/lib/notion-export' (imported as 'exportToIntegrations').

Import trace for requested module:
./app/dialogs/InviteDialog.tsx
./app/dashboard/layout-client.tsx

./app/dialogs/InviteDialog.tsx
Attempted import error: 'exportToIntegrations' is not exported from '@/lib/notion-export' (imported as 'exportToIntegrations').

Import trace for requested module:
./app/dialogs/InviteDialog.tsx
./app/dashboard/layout-client.tsx

./node_modules/https-proxy-agent/node_modules/debug/src/node.js
Module not found: ESM packages (supports-color) need to be imported. Use 'import' to reference the package instead. https://nextjs.org/docs/messages/import-esm-externals

Import trace for requested module:
./node_modules/https-proxy-agent/node_modules/debug/src/node.js
./node_modules/https-proxy-agent/node_modules/debug/src/index.js
./node_modules/https-proxy-agent/dist/index.js
./node_modules/gaxios/build/src/gaxios.js
./node_modules/gaxios/build/src/index.js
./node_modules/googleapis-common/build/src/index.js
./node_modules/googleapis/build/src/index.js
./app/api/calendar/events/route.ts
 ⚠ ./app/dialogs/InviteDialog.tsx
Attempted import error: 'exportToIntegrations' is not exported from '@/lib/notion-export' (imported as 'exportToIntegrations').

Import trace for requested module:
./app/dialogs/InviteDialog.tsx
./app/dashboard/layout-client.tsx

./app/dialogs/InviteDialog.tsx
Attempted import error: 'exportToIntegrations' is not exported from '@/lib/notion-export' (imported as 'exportToIntegrations').

Import trace for requested module:
./app/dialogs/InviteDialog.tsx
./app/dashboard/layout-client.tsx

./node_modules/https-proxy-agent/node_modules/debug/src/node.js
Module not found: ESM packages (supports-color) need to be imported. Use 'import' to reference the package instead. https://nextjs.org/docs/messages/import-esm-externals

Import trace for requested module:
./node_modules/https-proxy-agent/node_modules/debug/src/node.js
./node_modules/https-proxy-agent/node_modules/debug/src/index.js
./node_modules/https-proxy-agent/dist/index.js
./node_modules/gaxios/build/src/gaxios.js
./node_modules/gaxios/build/src/index.js
./node_modules/google-auth-library/build/src/index.js
./node_modules/googleapis/build/src/index.js
./app/api/calendar/events/route.ts

 ⚠ metadata.metadataBase is not set for resolving social open graph or twitter images, using "http://localhost:3000". See https://nextjs.org/docs/app/api-reference/functions/generate-metadata#metadatabase
Notion status debug endpoint called for user: adimahna@gmail.com
Notion status debug endpoint called for user: adimahna@gmail.com
 ⚠ ./app/dialogs/InviteDialog.tsx
Attempted import error: 'exportToIntegrations' is not exported from '@/lib/notion-export' (imported as 'exportToIntegrations').

Import trace for requested module:
./app/dialogs/InviteDialog.tsx
./app/dashboard/layout-client.tsx

./app/dialogs/InviteDialog.tsx
Attempted import error: 'exportToIntegrations' is not exported from '@/lib/notion-export' (imported as 'exportToIntegrations').

Import trace for requested module:
./app/dialogs/InviteDialog.tsx
./app/dashboard/layout-client.tsx

./node_modules/https-proxy-agent/node_modules/debug/src/node.js
Module not found: ESM packages (supports-color) need to be imported. Use 'import' to reference the package instead. https://nextjs.org/docs/messages/import-esm-externals

Import trace for requested module:
./node_modules/https-proxy-agent/node_modules/debug/src/node.js
./node_modules/https-proxy-agent/node_modules/debug/src/index.js
./node_modules/https-proxy-agent/dist/index.js
./node_modules/gaxios/build/src/gaxios.js
./node_modules/gaxios/build/src/index.js
./node_modules/google-auth-library/build/src/index.js
./node_modules/googleapis/build/src/index.js
./app/api/calendar/events/route.ts

 ⚠ metadata.metadataBase is not set for resolving social open graph or twitter images, using "http://localhost:3000". See https://nextjs.org/docs/app/api-reference/functions/generate-metadata#metadatabase
